::1 - - [12/Dec/2025:14:51:08 -0300] "GET /phpmyadmin HTTP/1.1" 301 241
::1 - - [12/Dec/2025:14:51:08 -0300] "GET /phpmyadmin/ HTTP/1.1" 200 8194
::1 - - [12/Dec/2025:14:51:12 -0300] "GET /phpmyadmin/js/get_scripts.js.php?scripts[]=jquery/jquery-1.8.3.js&scripts[]=ajax.js&scripts[]=keyhandler.js&scripts[]=jquery/jquery-ui-1.9.2.custom.js&scripts[]=jquery/jquery.sprintf.js&scripts[]=jquery/jquery.cookie.js&scripts[]=jquery/jquery.mousewheel.js&scripts[]=jquery/jquery.event.drag-2.2.js&scripts[]=jquery/jquery-ui-timepicker-addon.js&scripts[]=jquery/jquery.ba-hashchange-1.3.js&scripts[]=jquery/jquery.debounce-1.0.5.js&scripts[]=jquery/jquery.menuResizer-1.0.js&scripts[]=rte.js&scripts[]=functions.js&scripts[]=navigation.js&scripts[]=indexes.js&scripts[]=common.js&scripts[]=codemirror/lib/codemirror.js&scripts[]=codemirror/mode/mysql/mysql.js HTTP/1.1" 200 578562
::1 - - [12/Dec/2025:14:51:12 -0300] "GET /phpmyadmin/phpmyadmin.css.php?server=1&token=6aedeb6ac8f2d394d4501046f858ebde&nocache=4125195912ltr HTTP/1.1" 200 88608
::1 - - [12/Dec/2025:14:51:12 -0300] "GET /phpmyadmin/js/messages.php?lang=pt&db=&server=0&token=6aedeb6ac8f2d394d4501046f858ebde HTTP/1.1" 200 18103
::1 - - [12/Dec/2025:14:51:12 -0300] "GET /phpmyadmin/js/get_image.js.php?theme=pmahomme HTTP/1.1" 200 6263
::1 - - [12/Dec/2025:14:51:18 -0300] "POST /phpmyadmin/index.php HTTP/1.1" 302 -
::1 - - [12/Dec/2025:14:51:18 -0300] "GET /phpmyadmin/index.php?token=6aedeb6ac8f2d394d4501046f858ebde HTTP/1.1" 200 49590
::1 - - [12/Dec/2025:14:51:20 -0300] "GET /phpmyadmin/phpmyadmin.css.php?server=1&token=6aedeb6ac8f2d394d4501046f858ebde&nocache=5890235833ltr HTTP/1.1" 200 88608
::1 - - [12/Dec/2025:14:51:20 -0300] "GET /phpmyadmin/version_check.php?&_nocache=1765561880631993685 HTTP/1.1" 200 39
::1 - - [12/Dec/2025:14:51:22 -0300] "GET /phpmyadmin/db_structure.php?server=1&db=cadastro_clientes&token=6aedeb6ac8f2d394d4501046f858ebde&ajax_request=true&ajax_page_request=true&menuHashes=4afeef56&_nocache=1765561882154415949 HTTP/1.1" 200 13295
::1 - - [12/Dec/2025:14:51:23 -0300] "GET /phpmyadmin/js/get_scripts.js.php?scripts[]=db_structure.js&scripts[]=tbl_change.js HTTP/1.1" 200 12382
::1 - - [12/Dec/2025:14:51:26 -0300] "GET /phpmyadmin/navigation.php?ajax_request=1&token=6aedeb6ac8f2d394d4501046f858ebde&aPath=cm9vdA%3D%3D.Y2FkYXN0cm9fY2xpZW50ZXM%3D&vPath=cm9vdA%3D%3D.Y2FkYXN0cm9fY2xpZW50ZXM%3D&pos=0&pos2_name=&pos2_value=&searchClause=&searchClause2=&_nocache=1765561886704736633 HTTP/1.1" 200 1424
::1 - - [12/Dec/2025:14:51:34 -0300] "GET /phpmyadmin/db_sql.php?db=cadastro_clientes&token=6aedeb6ac8f2d394d4501046f858ebde&db_query_force=1&ajax_request=true&ajax_page_request=true&menuHashes=4afeef56-204d7764&_nocache=1765561894069729629 HTTP/1.1" 200 7426
::1 - - [12/Dec/2025:14:51:34 -0300] "GET /phpmyadmin/js/get_scripts.js.php?scripts[]=makegrid.js&scripts[]=sql.js HTTP/1.1" 200 35099
::1 - - [12/Dec/2025:14:52:15 -0300] "GET /phpmyadmin/db_operations.php?db=cadastro_clientes&token=6aedeb6ac8f2d394d4501046f858ebde&ajax_request=true&ajax_page_request=true&menuHashes=4afeef56-204d7764-216be736&_nocache=176556193564473688 HTTP/1.1" 200 42351
::1 - - [12/Dec/2025:14:52:16 -0300] "GET /phpmyadmin/js/get_scripts.js.php?scripts[]=db_operations.js HTTP/1.1" 200 1854
::1 - - [12/Dec/2025:14:52:18 -0300] "GET /phpmyadmin/themes/pmahomme/jquery/images/ui-bg_highlight-soft_75_cccccc_1x100.png HTTP/1.1" 200 101
::1 - - [12/Dec/2025:14:52:18 -0300] "GET /phpmyadmin/themes/pmahomme/jquery/images/ui-bg_flat_75_ffffff_40x100.png HTTP/1.1" 200 178
::1 - - [12/Dec/2025:14:52:18 -0300] "GET /phpmyadmin/themes/pmahomme/jquery/images/ui-icons_222222_256x240.png HTTP/1.1" 200 4369
::1 - - [12/Dec/2025:14:52:18 -0300] "GET /phpmyadmin/themes/pmahomme/jquery/images/ui-bg_glass_75_e6e6e6_1x400.png HTTP/1.1" 200 110
::1 - - [12/Dec/2025:14:52:18 -0300] "GET /phpmyadmin/themes/pmahomme/jquery/images/ui-bg_flat_0_aaaaaa_40x100.png HTTP/1.1" 200 180
::1 - - [12/Dec/2025:14:52:18 -0300] "GET /phpmyadmin/themes/pmahomme/jquery/images/ui-bg_glass_75_dadada_1x400.png HTTP/1.1" 200 159
::1 - - [12/Dec/2025:14:52:19 -0300] "GET /phpmyadmin/themes/pmahomme/jquery/images/ui-bg_glass_65_ffffff_1x400.png HTTP/1.1" 200 105
::1 - - [12/Dec/2025:14:52:19 -0300] "GET /phpmyadmin/sql.php?sql_query=DROP+DATABASE+%60cadastro_clientes%60&back=db_operations.php&goto=index.php&reload=1&purge=1&message_to_show=A+base+de+dados+%60cadastro_clientes%60+foi+eliminada.&token=6aedeb6ac8f2d394d4501046f858ebde&is_js_confirmed=1&ajax_request=true&_nocache=176556193952318985 HTTP/1.1" 200 169
::1 - - [12/Dec/2025:14:52:23 -0300] "GET /phpmyadmin/db_structure.php?server=1&db=cad_clientes_adsma2&token=6aedeb6ac8f2d394d4501046f858ebde&ajax_request=true&ajax_page_request=true&menuHashes=4afeef56-204d7764-216be736-2918275b&_nocache=1765561943893858529 HTTP/1.1" 200 306
::1 - - [12/Dec/2025:14:52:26 -0300] "GET /phpmyadmin/index.php?token=6aedeb6ac8f2d394d4501046f858ebde HTTP/1.1" 200 49590
::1 - - [12/Dec/2025:14:52:31 -0300] "GET /phpmyadmin/db_operations.php?db=cadastro_clientes&table=&server=1&target=&token=6aedeb6ac8f2d394d4501046f858ebde HTTP/1.1" 200 8124
::1 - - [12/Dec/2025:14:52:31 -0300] "GET /phpmyadmin/phpmyadmin.css.php?server=1&token=5c75f5e1b545d0fe5b65e91f1fcf6789&nocache=4125195912ltr HTTP/1.1" 200 88608
::1 - - [12/Dec/2025:14:52:31 -0300] "GET /phpmyadmin/js/messages.php?lang=pt&db=cadastro_clientes&token=6aedeb6ac8f2d394d4501046f858ebde HTTP/1.1" 200 18103
::1 - - [12/Dec/2025:14:52:34 -0300] "POST /phpmyadmin/index.php HTTP/1.1" 302 -
::1 - - [12/Dec/2025:14:52:35 -0300] "GET /phpmyadmin/index.php?db=cadastro_clientes&target=db_operations.php&token=5c75f5e1b545d0fe5b65e91f1fcf6789 HTTP/1.1" 200 46051
::1 - - [12/Dec/2025:14:52:35 -0300] "GET /phpmyadmin/js/get_scripts.js.php?scripts[]=jquery/jquery-1.8.3.js&scripts[]=ajax.js&scripts[]=keyhandler.js&scripts[]=jquery/jquery-ui-1.9.2.custom.js&scripts[]=jquery/jquery.sprintf.js&scripts[]=jquery/jquery.cookie.js&scripts[]=jquery/jquery.mousewheel.js&scripts[]=jquery/jquery.event.drag-2.2.js&scripts[]=jquery/jquery-ui-timepicker-addon.js&scripts[]=jquery/jquery.ba-hashchange-1.3.js&scripts[]=jquery/jquery.debounce-1.0.5.js&scripts[]=jquery/jquery.menuResizer-1.0.js&scripts[]=rte.js&scripts[]=functions.js&scripts[]=navigation.js&scripts[]=indexes.js&scripts[]=common.js&scripts[]=db_operations.js&scripts[]=codemirror/lib/codemirror.js&scripts[]=codemirror/mode/mysql/mysql.js HTTP/1.1" 200 580416
::1 - - [12/Dec/2025:14:52:35 -0300] "GET /phpmyadmin/phpmyadmin.css.php?server=1&token=5c75f5e1b545d0fe5b65e91f1fcf6789&nocache=5890235833ltr HTTP/1.1" 200 88608
::1 - - [12/Dec/2025:14:52:35 -0300] "GET /phpmyadmin/js/messages.php?lang=pt&db=cadastro_clientes&server=0&token=5c75f5e1b545d0fe5b65e91f1fcf6789 HTTP/1.1" 200 18103
::1 - - [12/Dec/2025:14:52:36 -0300] "GET /phpmyadmin/db_structure.php?server=1&db=cadastro_clientes&token=5c75f5e1b545d0fe5b65e91f1fcf6789&ajax_request=true&ajax_page_request=true&menuHashes=a03a2a44&_nocache=1765561956690274995 HTTP/1.1" 200 5889
::1 - - [12/Dec/2025:14:52:37 -0300] "GET /phpmyadmin/db_operations.php?db=cadastro_clientes&token=5c75f5e1b545d0fe5b65e91f1fcf6789&ajax_request=true&ajax_page_request=true&menuHashes=a03a2a44-e4e0f006&_nocache=1765561957705201406 HTTP/1.1" 200 41414
::1 - - [12/Dec/2025:14:52:39 -0300] "GET /phpmyadmin/sql.php?sql_query=DROP+DATABASE+%60cadastro_clientes%60&back=db_operations.php&goto=index.php&reload=1&purge=1&message_to_show=A+base+de+dados+%60cadastro_clientes%60+foi+eliminada.&token=5c75f5e1b545d0fe5b65e91f1fcf6789&is_js_confirmed=1&ajax_request=true&_nocache=1765561959891809369 HTTP/1.1" 200 169
::1 - - [12/Dec/2025:14:53:02 -0300] "GET /phpmyadmin/index.php?db=cadastro_clientes&target=db_operations.php&token=5c75f5e1b545d0fe5b65e91f1fcf6789 HTTP/1.1" 200 46051
::1 - - [12/Dec/2025:14:53:02 -0300] "GET /phpmyadmin/db_operations.php?db=cadastro_clientes&table=&server=1&target=&token=5c75f5e1b545d0fe5b65e91f1fcf6789 HTTP/1.1" 200 46019
::1 - - [12/Dec/2025:14:53:02 -0300] "GET /phpmyadmin/js/messages.php?lang=pt&db=cadastro_clientes&token=5c75f5e1b545d0fe5b65e91f1fcf6789 HTTP/1.1" 200 18103
::1 - - [12/Dec/2025:14:53:05 -0300] "GET /phpmyadmin/sql.php?sql_query=DROP+DATABASE+%60cadastro_clientes%60&back=db_operations.php&goto=index.php&reload=1&purge=1&message_to_show=A+base+de+dados+%60cadastro_clientes%60+foi+eliminada.&token=5c75f5e1b545d0fe5b65e91f1fcf6789&is_js_confirmed=1&ajax_request=true&_nocache=1765561985153109284 HTTP/1.1" 200 169
::1 - - [12/Dec/2025:14:53:11 -0300] "GET /phpmyadmin/sql.php?sql_query=DROP+DATABASE+%60cadastro_clientes%60&back=db_operations.php&goto=index.php&reload=1&purge=1&message_to_show=A+base+de+dados+%60cadastro_clientes%60+foi+eliminada.&token=5c75f5e1b545d0fe5b65e91f1fcf6789&is_js_confirmed=1&ajax_request=true&_nocache=1765561991651628921 HTTP/1.1" 200 169
::1 - - [12/Dec/2025:14:53:16 -0300] "GET /phpmyadmin/db_operations.php?db=cadastro_clientes&table=&server=1&target=&token=5c75f5e1b545d0fe5b65e91f1fcf6789 HTTP/1.1" 200 8271
::1 - - [12/Dec/2025:14:53:20 -0300] "GET /phpmyadmin/db_operations.php?db=cadastro_clientes&table=&server=1&target=&token=5c75f5e1b545d0fe5b65e91f1fcf6789 HTTP/1.1" 200 8124
::1 - - [12/Dec/2025:14:53:20 -0300] "GET /phpmyadmin/phpmyadmin.css.php?server=1&token=5331710957efb2a5d7013ef40cb30a9e&nocache=4125195912ltr HTTP/1.1" 200 88608
::1 - - [12/Dec/2025:14:53:24 -0300] "POST /phpmyadmin/index.php HTTP/1.1" 302 -
::1 - - [12/Dec/2025:14:53:24 -0300] "GET /phpmyadmin/index.php?db=cadastro_clientes&target=db_operations.php&token=5331710957efb2a5d7013ef40cb30a9e HTTP/1.1" 200 8306
::1 - - [12/Dec/2025:14:53:26 -0300] "POST /phpmyadmin/index.php HTTP/1.1" 302 -
::1 - - [12/Dec/2025:14:53:28 -0300] "GET /phpmyadmin/index.php?db=cadastro_clientes&target=db_operations.php&token=5331710957efb2a5d7013ef40cb30a9e HTTP/1.1" 200 46051
::1 - - [12/Dec/2025:14:53:28 -0300] "GET /phpmyadmin/phpmyadmin.css.php?server=1&token=5331710957efb2a5d7013ef40cb30a9e&nocache=5890235833ltr HTTP/1.1" 200 88608
::1 - - [12/Dec/2025:14:53:28 -0300] "GET /phpmyadmin/js/messages.php?lang=pt&db=cadastro_clientes&server=0&token=5331710957efb2a5d7013ef40cb30a9e HTTP/1.1" 200 18103
::1 - - [12/Dec/2025:14:54:25 -0300] "GET /phpmyadmin/db_sql.php?db=cadastro_clientes&token=5331710957efb2a5d7013ef40cb30a9e&db_query_force=1&ajax_request=true&ajax_page_request=true&menuHashes=057a4017&_nocache=1765562065139612017 HTTP/1.1" 200 7426
::1 - - [12/Dec/2025:14:54:29 -0300] "POST /phpmyadmin/import.php HTTP/1.1" 200 6935
::1 - - [12/Dec/2025:14:54:43 -0300] "GET /phpmyadmin/db_sql.php?db=cadastro_clientes&token=5331710957efb2a5d7013ef40cb30a9e&db_query_force=1&ajax_request=true&ajax_page_request=true&menuHashes=057a4017-4d68dc26&_nocache=1765562083278264543 HTTP/1.1" 200 4060
::1 - - [12/Dec/2025:14:54:58 -0300] "POST /phpmyadmin/import.php HTTP/1.1" 200 903
::1 - - [12/Dec/2025:14:55:01 -0300] "GET /phpmyadmin/db_structure.php?db=cadastro_clientes&token=5331710957efb2a5d7013ef40cb30a9e&ajax_request=true&ajax_page_request=true&menuHashes=057a4017-4d68dc26&_nocache=1765562101608301432 HTTP/1.1" 200 5887
::1 - - [12/Dec/2025:14:55:05 -0300] "GET /phpmyadmin/db_operations.php?db=cadastro_clientes&token=5331710957efb2a5d7013ef40cb30a9e&ajax_request=true&ajax_page_request=true&menuHashes=057a4017-4d68dc26-fe98d731&_nocache=1765562105188528012 HTTP/1.1" 200 41414
::1 - - [12/Dec/2025:14:55:09 -0300] "GET /phpmyadmin/db_structure.php?server=1&db=cad_clientes_adsma2&token=5331710957efb2a5d7013ef40cb30a9e&ajax_request=true&ajax_page_request=true&menuHashes=057a4017-4d68dc26-fe98d731-a67758fc&_nocache=1765562109262338789 HTTP/1.1" 200 13367
::1 - - [12/Dec/2025:14:55:13 -0300] "GET /phpmyadmin/sql.php?db=cad_clientes_adsma2&token=5331710957efb2a5d7013ef40cb30a9e&goto=db_structure.php&table=tb_clientes&reload=1&purge=1&sql_query=DROP+TABLE+%60tb_clientes%60&message_to_show=A+tabela+tb_clientes+foi+eliminada&is_js_confirmed=1&ajax_request=true&_nocache=1765562113429756569 HTTP/1.1" 200 1865
::1 - - [12/Dec/2025:14:55:13 -0300] "POST /phpmyadmin/navigation.php?ajax_request=1&token=5331710957efb2a5d7013ef40cb30a9e HTTP/1.1" 200 2788
::1 - - [12/Dec/2025:14:55:15 -0300] "GET /phpmyadmin/db_structure.php?server=1&db=cadastro_clientes&token=5331710957efb2a5d7013ef40cb30a9e&ajax_request=true&ajax_page_request=true&menuHashes=057a4017-4d68dc26-fe98d731-a67758fc-a44c94c1&_nocache=1765562115394146609 HTTP/1.1" 200 2523
::1 - - [12/Dec/2025:14:55:17 -0300] "GET /phpmyadmin/db_structure.php?server=1&db=cadastro_clientes&token=5331710957efb2a5d7013ef40cb30a9e&ajax_request=true&ajax_page_request=true&menuHashes=057a4017-4d68dc26-fe98d731-a67758fc-a44c94c1&_nocache=1765562117178219973 HTTP/1.1" 200 2523
::1 - - [12/Dec/2025:14:55:19 -0300] "GET /phpmyadmin/navigation.php?ajax_request=1&token=5331710957efb2a5d7013ef40cb30a9e&aPath=cm9vdA%3D%3D.Y2FkYXN0cm9fY2xpZW50ZXM%3D&vPath=cm9vdA%3D%3D.Y2FkYXN0cm9fY2xpZW50ZXM%3D&pos=0&pos2_name=&pos2_value=&searchClause=&searchClause2=&_nocache=176556211905669413 HTTP/1.1" 200 97
::1 - - [12/Dec/2025:14:55:21 -0300] "GET /phpmyadmin/navigation.php?ajax_request=1&token=5331710957efb2a5d7013ef40cb30a9e&aPath=cm9vdA%3D%3D.Y2FkX2NsaWVudGVzX2Fkc21hMg%3D%3D&vPath=cm9vdA%3D%3D.Y2FkX2NsaWVudGVzX2Fkc21hMg%3D%3D&pos=0&pos2_name=&pos2_value=&searchClause=&searchClause2=&_nocache=1765562121882872397 HTTP/1.1" 200 97
::1 - - [12/Dec/2025:14:55:22 -0300] "GET /phpmyadmin/navigation.php?ajax_request=1&token=5331710957efb2a5d7013ef40cb30a9e&aPath=cm9vdA%3D%3D.ZGl2aWRpbl9tYWluX2RhdGFiYXNl&vPath=cm9vdA%3D%3D.ZGl2aWRpbl9tYWluX2RhdGFiYXNl&pos=0&pos2_name=&pos2_value=&searchClause=&searchClause2=&_nocache=1765562122834652936 HTTP/1.1" 200 5827
::1 - - [12/Dec/2025:14:55:24 -0300] "GET /phpmyadmin/navigation.php?ajax_request=1&token=5331710957efb2a5d7013ef40cb30a9e&aPath=cm9vdA%3D%3D.bG9naW5fY29udGFzX2Fkc21hMg%3D%3D&vPath=cm9vdA%3D%3D.bG9naW5fY29udGFzX2Fkc21hMg%3D%3D&pos=0&pos2_name=&pos2_value=&searchClause=&searchClause2=&_nocache=176556212457433554 HTTP/1.1" 200 1423
::1 - - [12/Dec/2025:14:55:25 -0300] "GET /phpmyadmin/db_structure.php?server=1&db=login_contas_adsma2&token=5331710957efb2a5d7013ef40cb30a9e&ajax_request=true&ajax_page_request=true&menuHashes=057a4017-4d68dc26-fe98d731-a67758fc-a44c94c1&_nocache=1765562125762711075 HTTP/1.1" 200 13322
::1 - - [12/Dec/2025:14:55:28 -0300] "GET /phpmyadmin/sql.php?db=login_contas_adsma2&token=5331710957efb2a5d7013ef40cb30a9e&goto=db_structure.php&table=tb_login&reload=1&purge=1&sql_query=DROP+TABLE+%60tb_login%60&message_to_show=A+tabela+tb_login+foi+eliminada&is_js_confirmed=1&ajax_request=true&_nocache=1765562128922297344 HTTP/1.1" 200 1841
::1 - - [12/Dec/2025:14:55:29 -0300] "POST /phpmyadmin/navigation.php?ajax_request=1&token=5331710957efb2a5d7013ef40cb30a9e HTTP/1.1" 200 2804
::1 - - [12/Dec/2025:14:55:30 -0300] "GET /phpmyadmin/db_structure.php?server=1&db=dividin_main_database&token=5331710957efb2a5d7013ef40cb30a9e&ajax_request=true&ajax_page_request=true&menuHashes=057a4017-4d68dc26-fe98d731-a67758fc-a44c94c1-b028f55c&_nocache=1765562130150333169 HTTP/1.1" 200 28462
::1 - - [12/Dec/2025:14:55:35 -0300] "GET /phpmyadmin/navigation.php?ajax_request=1&token=5331710957efb2a5d7013ef40cb30a9e&aPath=cm9vdA%3D%3D.ZGl2aWRpbl9tYWluX2RhdGFiYXNl&vPath=cm9vdA%3D%3D.ZGl2aWRpbl9tYWluX2RhdGFiYXNl&pos=0&pos2_name=&pos2_value=&searchClause=&searchClause2=&_nocache=1765562135222961584 HTTP/1.1" 200 5827
::1 - - [12/Dec/2025:14:55:36 -0300] "GET /phpmyadmin/sql.php?server=1&db=dividin_main_database&table=cadastro_contas&pos=0&token=5331710957efb2a5d7013ef40cb30a9e&ajax_request=true&ajax_page_request=true&menuHashes=057a4017-4d68dc26-fe98d731-a67758fc-a44c94c1-b028f55c-1912bb3e&_nocache=1765562136606137222 HTTP/1.1" 200 31260
::1 - - [12/Dec/2025:14:55:36 -0300] "GET /phpmyadmin/js/get_scripts.js.php?scripts[]=tbl_structure.js&scripts[]=gis_data_editor.js HTTP/1.1" 200 15188
::1 - - [12/Dec/2025:14:55:36 -0300] "GET /phpmyadmin/index.php?ajax_request=1&recent_table=1&token=5331710957efb2a5d7013ef40cb30a9e HTTP/1.1" 200 1069
