::1 - - [07/Dec/2025:15:45:57 -0300] "GET / HTTP/1.1" 200 81362
::1 - - [07/Dec/2025:15:46:05 -0300] "GET /images/header.png HTTP/1.1" 404 215
::1 - - [07/Dec/2025:15:46:05 -0300] "GET /style.css HTTP/1.1" 200 3041
::1 - - [07/Dec/2025:15:46:05 -0300] "GET /images/background.jpg HTTP/1.1" 404 219
::1 - - [07/Dec/2025:15:46:05 -0300] "GET /images/menuleft.jpg HTTP/1.1" 404 217
::1 - - [07/Dec/2025:15:46:05 -0300] "GET /index.php?=PHPE9568F35-D428-11d2-A769-00AA001ACF42 HTTP/1.1" 200 2146
::1 - - [07/Dec/2025:15:46:05 -0300] "GET /index.php?=PHPE9568F34-D428-11d2-A769-00AA001ACF42 HTTP/1.1" 200 2524
::1 - - [07/Dec/2025:15:46:05 -0300] "GET /images/menuright.jpg HTTP/1.1" 404 218
::1 - - [07/Dec/2025:15:46:05 -0300] "GET /images/topcontent.jpg HTTP/1.1" 404 219
::1 - - [07/Dec/2025:15:46:05 -0300] "GET /images/menu.jpg HTTP/1.1" 404 213
::1 - - [07/Dec/2025:15:46:05 -0300] "GET /images/content.jpg HTTP/1.1" 404 216
::1 - - [07/Dec/2025:15:46:07 -0300] "GET /images/banner.jpg HTTP/1.1" 404 215
::1 - - [07/Dec/2025:15:46:07 -0300] "GET /favicon.ico HTTP/1.1" 404 209
::1 - - [07/Dec/2025:15:46:23 -0300] "GET /phpmyadmin HTTP/1.1" 301 241
::1 - - [07/Dec/2025:15:46:23 -0300] "GET /phpmyadmin/ HTTP/1.1" 200 8548
::1 - - [07/Dec/2025:15:46:27 -0300] "GET /phpmyadmin/themes/pmahomme/jquery/jquery-ui-1.9.2.custom.css HTTP/1.1" 200 32278
::1 - - [07/Dec/2025:15:46:27 -0300] "GET /phpmyadmin/themes/dot.gif HTTP/1.1" 200 43
::1 - - [07/Dec/2025:15:46:27 -0300] "GET /phpmyadmin/themes/pmahomme/img/logo_right.png HTTP/1.1" 200 4548
::1 - - [07/Dec/2025:15:46:27 -0300] "GET /phpmyadmin/js/get_scripts.js.php?scripts[]=jquery/jquery-1.8.3.js&scripts[]=ajax.js&scripts[]=keyhandler.js&scripts[]=jquery/jquery-ui-1.9.2.custom.js&scripts[]=jquery/jquery.sprintf.js&scripts[]=jquery/jquery.cookie.js&scripts[]=jquery/jquery.mousewheel.js&scripts[]=jquery/jquery.event.drag-2.2.js&scripts[]=jquery/jquery-ui-timepicker-addon.js&scripts[]=jquery/jquery.ba-hashchange-1.3.js&scripts[]=jquery/jquery.debounce-1.0.5.js&scripts[]=jquery/jquery.menuResizer-1.0.js&scripts[]=rte.js&scripts[]=functions.js&scripts[]=navigation.js&scripts[]=indexes.js&scripts[]=common.js&scripts[]=codemirror/lib/codemirror.js&scripts[]=codemirror/mode/mysql/mysql.js HTTP/1.1" 200 578562
::1 - - [07/Dec/2025:15:46:27 -0300] "GET /phpmyadmin/phpmyadmin.css.php?server=1&lang=pt&collation_connection=utf8_general_ci&token=895b1881e443f9308983867141c67770&nocache=5295390137ltr HTTP/1.1" 200 88608
::1 - - [07/Dec/2025:15:46:27 -0300] "GET /phpmyadmin/js/get_image.js.php?theme=pmahomme HTTP/1.1" 200 6263
::1 - - [07/Dec/2025:15:46:27 -0300] "GET /phpmyadmin/js/messages.php?lang=pt&db=&server=0&collation_connection=utf8_general_ci&token=e0492c334729b2dd342f67cdeae55984 HTTP/1.1" 200 18103
::1 - - [07/Dec/2025:15:46:27 -0300] "GET /phpmyadmin/themes/pmahomme/img/sprites.png HTTP/1.1" 200 61899
::1 - - [07/Dec/2025:15:46:27 -0300] "GET /phpmyadmin/favicon.ico HTTP/1.1" 200 18902
::1 - - [07/Dec/2025:15:46:39 -0300] "GET /phpmyadmin/url.php?url=http%3A%2F%2Fdocs.phpmyadmin.net%2Fen%2Flatest%2Findex.html&lang=pt&collation_connection=utf8_general_ci&token=895b1881e443f9308983867141c67770 HTTP/1.1" 200 8018
::1 - - [07/Dec/2025:15:46:39 -0300] "GET /phpmyadmin/phpmyadmin.css.php?server=1&token=afe2b0d449aeab94a487d069197118bc&nocache=5295390137ltr HTTP/1.1" 200 88608
::1 - - [07/Dec/2025:15:46:39 -0300] "GET /phpmyadmin/js/messages.php?lang=pt&db=&server=0&token=895b1881e443f9308983867141c67770 HTTP/1.1" 200 18103
::1 - - [07/Dec/2025:15:46:56 -0300] "POST /phpmyadmin/index.php HTTP/1.1" 302 -
::1 - - [07/Dec/2025:15:46:56 -0300] "GET /phpmyadmin/index.php?target=url.php&token=afe2b0d449aeab94a487d069197118bc HTTP/1.1" 200 8168
::1 - - [07/Dec/2025:15:46:56 -0300] "GET /phpmyadmin/js/messages.php?lang=pt&db=&server=0&token=afe2b0d449aeab94a487d069197118bc HTTP/1.1" 200 18103
::1 - - [07/Dec/2025:15:47:22 -0300] "POST /phpmyadmin/index.php HTTP/1.1" 302 -
::1 - - [07/Dec/2025:15:47:22 -0300] "GET /phpmyadmin/index.php?target=url.php&token=afe2b0d449aeab94a487d069197118bc HTTP/1.1" 200 48701
::1 - - [07/Dec/2025:15:47:23 -0300] "GET /phpmyadmin/themes/pmahomme/img/logo_left.png HTTP/1.1" 200 2327
::1 - - [07/Dec/2025:15:47:23 -0300] "GET /phpmyadmin/themes/pmahomme/img/ajax_clock_small.gif HTTP/1.1" 200 1810
::1 - - [07/Dec/2025:15:47:23 -0300] "GET /phpmyadmin/phpmyadmin.css.php?server=1&token=afe2b0d449aeab94a487d069197118bc&nocache=7060523379ltr HTTP/1.1" 200 88608
::1 - - [07/Dec/2025:15:47:23 -0300] "GET /phpmyadmin/themes/pmahomme/img/left_nav_bg.png HTTP/1.1" 200 297
::1 - - [07/Dec/2025:15:47:23 -0300] "GET /phpmyadmin/version_check.php?&_nocache=176513324319148125 HTTP/1.1" 200 39
::1 - - [07/Dec/2025:15:47:33 -0300] "GET /phpmyadmin/db_structure.php?server=1&db=cad_clientes_adsma2&token=afe2b0d449aeab94a487d069197118bc&ajax_request=true&ajax_page_request=true&menuHashes=ff99fe17&_nocache=1765133253812800019 HTTP/1.1" 200 13367
::1 - - [07/Dec/2025:15:47:33 -0300] "GET /phpmyadmin/js/get_scripts.js.php?scripts[]=db_structure.js&scripts[]=tbl_change.js HTTP/1.1" 200 12382
::1 - - [07/Dec/2025:15:47:33 -0300] "GET /phpmyadmin/themes/pmahomme/img/arrow_ltr.png HTTP/1.1" 200 139
::1 - - [07/Dec/2025:15:53:57 -0300] "GET /phpmyadmin/index.php?token=afe2b0d449aeab94a487d069197118bc&ajax_request=true&ajax_page_request=true&menuHashes=ff99fe17-f6c2f28e&_nocache=1765133637128523867 HTTP/1.1" 200 42685
::1 - - [07/Dec/2025:15:53:59 -0300] "GET /phpmyadmin/version_check.php?&_nocache=1765133639435748495 HTTP/1.1" 200 39
::1 - - [07/Dec/2025:16:28:59 -0300] "GET /phpmyadmin/db_structure.php?server=1&db=cad_clientes_adsma2&token=afe2b0d449aeab94a487d069197118bc&ajax_request=true&ajax_page_request=true&menuHashes=ff99fe17-f6c2f28e&_nocache=1765135739002380102 HTTP/1.1" 200 325
::1 - - [07/Dec/2025:16:29:02 -0300] "GET /phpmyadmin/index.php?target=url.php&token=afe2b0d449aeab94a487d069197118bc HTTP/1.1" 200 8192
::1 - - [07/Dec/2025:16:29:07 -0300] "GET /phpmyadmin/themes/dot.gif HTTP/1.1" 304 -
::1 - - [07/Dec/2025:16:29:07 -0300] "GET /phpmyadmin/themes/pmahomme/img/logo_right.png HTTP/1.1" 304 -
::1 - - [07/Dec/2025:16:29:07 -0300] "GET /phpmyadmin/themes/pmahomme/jquery/jquery-ui-1.9.2.custom.css HTTP/1.1" 304 -
::1 - - [07/Dec/2025:16:29:07 -0300] "GET /phpmyadmin/index.php?db=&table=&server=1&target=&token=afe2b0d449aeab94a487d069197118bc HTTP/1.1" 200 8159
::1 - - [07/Dec/2025:16:29:07 -0300] "GET /phpmyadmin/js/messages.php?lang=pt&db=&token=afe2b0d449aeab94a487d069197118bc HTTP/1.1" 200 18103
::1 - - [07/Dec/2025:16:29:08 -0300] "GET /phpmyadmin/favicon.ico HTTP/1.1" 304 -
::1 - - [07/Dec/2025:16:29:18 -0300] "POST /phpmyadmin/index.php HTTP/1.1" 302 -
::1 - - [07/Dec/2025:16:29:24 -0300] "GET /phpmyadmin/index.php?token=afe2b0d449aeab94a487d069197118bc HTTP/1.1" 200 48687
::1 - - [07/Dec/2025:16:29:24 -0300] "GET /phpmyadmin/themes/pmahomme/img/logo_left.png HTTP/1.1" 304 -
::1 - - [07/Dec/2025:16:29:24 -0300] "GET /phpmyadmin/themes/pmahomme/img/ajax_clock_small.gif HTTP/1.1" 304 -
::1 - - [07/Dec/2025:16:29:24 -0300] "GET /phpmyadmin/phpmyadmin.css.php?server=1&token=afe2b0d449aeab94a487d069197118bc&nocache=7060523380ltr HTTP/1.1" 200 88608
::1 - - [07/Dec/2025:16:29:27 -0300] "GET /phpmyadmin/themes/pmahomme/img/left_nav_bg.png HTTP/1.1" 304 -
::1 - - [07/Dec/2025:16:29:27 -0300] "GET /phpmyadmin/themes/pmahomme/img/sprites.png HTTP/1.1" 304 -
::1 - - [07/Dec/2025:16:29:27 -0300] "GET /phpmyadmin/version_check.php?&_nocache=1765135767314823550 HTTP/1.1" 200 39
::1 - - [07/Dec/2025:16:29:30 -0300] "GET /phpmyadmin/db_structure.php?server=1&db=dividin_main_database&token=afe2b0d449aeab94a487d069197118bc&ajax_request=true&ajax_page_request=true&menuHashes=ff99fe17&_nocache=1765135770837832753 HTTP/1.1" 200 28459
::1 - - [07/Dec/2025:16:29:31 -0300] "GET /phpmyadmin/themes/pmahomme/img/arrow_ltr.png HTTP/1.1" 304 -
::1 - - [07/Dec/2025:16:29:32 -0300] "GET /phpmyadmin/db_structure.php?server=1&db=cad_clientes_adsma2&token=afe2b0d449aeab94a487d069197118bc&ajax_request=true&ajax_page_request=true&menuHashes=ff99fe17-5b8a9f2e&_nocache=1765135772738699507 HTTP/1.1" 200 13367
::1 - - [07/Dec/2025:16:29:34 -0300] "GET /phpmyadmin/sql.php?db=cad_clientes_adsma2&token=afe2b0d449aeab94a487d069197118bc&goto=db_structure.php&table=tb_clientes&pos=0&ajax_request=true&ajax_page_request=true&menuHashes=ff99fe17-5b8a9f2e-f6c2f28e&_nocache=1765135774845219489 HTTP/1.1" 200 21650
::1 - - [07/Dec/2025:16:29:48 -0300] "GET /phpmyadmin/themes/pmahomme/img/s_fulltext.png HTTP/1.1" 200 193
::1 - - [07/Dec/2025:16:29:48 -0300] "GET /phpmyadmin/js/get_scripts.js.php?scripts[]=tbl_structure.js&scripts[]=gis_data_editor.js&scripts[]=makegrid.js&scripts[]=sql.js HTTP/1.1" 200 50287
::1 - - [07/Dec/2025:16:29:48 -0300] "GET /phpmyadmin/themes/pmahomme/img/col_pointer.png HTTP/1.1" 200 113
::1 - - [07/Dec/2025:16:29:48 -0300] "GET /phpmyadmin/themes/pmahomme/img/col_drop.png HTTP/1.1" 200 132
::1 - - [07/Dec/2025:16:29:48 -0300] "GET /phpmyadmin/index.php?ajax_request=1&recent_table=1&token=afe2b0d449aeab94a487d069197118bc HTTP/1.1" 200 247
::1 - - [07/Dec/2025:16:29:53 -0300] "GET /phpmyadmin/db_structure.php?server=1&db=login_contas_adsma2&token=afe2b0d449aeab94a487d069197118bc&ajax_request=true&ajax_page_request=true&menuHashes=ff99fe17-5b8a9f2e-f6c2f28e-e5e8d8d6&_nocache=1765135793526468813 HTTP/1.1" 200 13322
::1 - - [07/Dec/2025:16:30:00 -0300] "GET /phpmyadmin/db_sql.php?db=login_contas_adsma2&token=afe2b0d449aeab94a487d069197118bc&db_query_force=1&ajax_request=true&ajax_page_request=true&menuHashes=ff99fe17-5b8a9f2e-f6c2f28e-e5e8d8d6-f1aae191&_nocache=1765135800910857289 HTTP/1.1" 200 7468
::1 - - [07/Dec/2025:16:30:03 -0300] "GET /phpmyadmin/db_search.php?db=login_contas_adsma2&token=afe2b0d449aeab94a487d069197118bc&ajax_request=true&ajax_page_request=true&menuHashes=ff99fe17-5b8a9f2e-f6c2f28e-e5e8d8d6-f1aae191-98d40a3c&_nocache=1765135803391148683 HTTP/1.1" 200 8387
::1 - - [07/Dec/2025:16:30:03 -0300] "GET /phpmyadmin/js/get_scripts.js.php?scripts[]=db_search.js HTTP/1.1" 200 3430
::1 - - [07/Dec/2025:16:30:05 -0300] "GET /phpmyadmin/db_structure.php?server=1&db=cadastro_clientes&token=afe2b0d449aeab94a487d069197118bc&ajax_request=true&ajax_page_request=true&menuHashes=ff99fe17-5b8a9f2e-f6c2f28e-e5e8d8d6-f1aae191-98d40a3c-1089f507&_nocache=1765135805307269696 HTTP/1.1" 200 13295
::1 - - [07/Dec/2025:16:30:11 -0300] "GET /phpmyadmin/db_sql.php?db=cadastro_clientes&token=afe2b0d449aeab94a487d069197118bc&db_query_force=1&ajax_request=true&ajax_page_request=true&menuHashes=5b8a9f2e-f6c2f28e-e5e8d8d6-f1aae191-98d40a3c-1089f507-81484d87&_nocache=1765135811875368328 HTTP/1.1" 200 7426
::1 - - [07/Dec/2025:16:30:31 -0300] "GET /phpmyadmin/db_search.php?db=cadastro_clientes&token=afe2b0d449aeab94a487d069197118bc&ajax_request=true&ajax_page_request=true&menuHashes=f6c2f28e-e5e8d8d6-f1aae191-98d40a3c-1089f507-81484d87-7559be9a&_nocache=1765135831007114700 HTTP/1.1" 200 8355
::1 - - [07/Dec/2025:16:30:32 -0300] "GET /phpmyadmin/db_qbe.php?db=cadastro_clientes&token=afe2b0d449aeab94a487d069197118bc&ajax_request=true&ajax_page_request=true&menuHashes=e5e8d8d6-f1aae191-98d40a3c-1089f507-81484d87-7559be9a-72c897ed&_nocache=1765135832012567593 HTTP/1.1" 200 12938
::1 - - [07/Dec/2025:16:30:33 -0300] "GET /phpmyadmin/db_export.php?db=cadastro_clientes&token=afe2b0d449aeab94a487d069197118bc&ajax_request=true&ajax_page_request=true&menuHashes=f1aae191-98d40a3c-1089f507-81484d87-7559be9a-72c897ed-d0d35546&_nocache=1765135833887350431 HTTP/1.1" 200 36162
::1 - - [07/Dec/2025:16:30:36 -0300] "GET /phpmyadmin/js/get_scripts.js.php?scripts[]=export.js HTTP/1.1" 200 5954
::1 - - [07/Dec/2025:16:30:39 -0300] "GET /phpmyadmin/db_structure.php?db=cadastro_clientes&token=afe2b0d449aeab94a487d069197118bc&ajax_request=true&ajax_page_request=true&menuHashes=98d40a3c-1089f507-81484d87-7559be9a-72c897ed-d0d35546-965fea9c&_nocache=1765135839723128710 HTTP/1.1" 200 9927
::1 - - [07/Dec/2025:16:30:42 -0300] "GET /phpmyadmin/navigation.php?ajax_request=1&token=afe2b0d449aeab94a487d069197118bc&aPath=cm9vdA%3D%3D.Y2FkX2NsaWVudGVzX2Fkc21hMg%3D%3D&vPath=cm9vdA%3D%3D.Y2FkX2NsaWVudGVzX2Fkc21hMg%3D%3D&pos=0&pos2_name=&pos2_value=&searchClause=&searchClause2=&_nocache=1765135842529820035 HTTP/1.1" 200 1440
::1 - - [07/Dec/2025:16:30:44 -0300] "GET /phpmyadmin/sql.php?server=1&db=cad_clientes_adsma2&table=tb_clientes&pos=0&token=afe2b0d449aeab94a487d069197118bc&ajax_request=true&ajax_page_request=true&menuHashes=98d40a3c-1089f507-81484d87-7559be9a-72c897ed-d0d35546-965fea9c&_nocache=17651358442693430 HTTP/1.1" 200 21652
::1 - - [07/Dec/2025:16:30:44 -0300] "GET /phpmyadmin/index.php?ajax_request=1&recent_table=1&token=afe2b0d449aeab94a487d069197118bc HTTP/1.1" 200 247
::1 - - [07/Dec/2025:16:30:52 -0300] "GET /phpmyadmin/navigation.php?ajax_request=1&token=afe2b0d449aeab94a487d069197118bc&aPath=cm9vdA%3D%3D.Y2FkYXN0cm9fY2xpZW50ZXM%3D&vPath=cm9vdA%3D%3D.Y2FkYXN0cm9fY2xpZW50ZXM%3D&pos=0&pos2_name=&pos2_value=&searchClause=&searchClause2=&_nocache=1765135852007924257 HTTP/1.1" 200 1424
::1 - - [07/Dec/2025:16:30:53 -0300] "GET /phpmyadmin/sql.php?server=1&db=cadastro_clientes&table=tb_cadastro&pos=0&token=afe2b0d449aeab94a487d069197118bc&ajax_request=true&ajax_page_request=true&menuHashes=1089f507-81484d87-7559be9a-72c897ed-d0d35546-965fea9c-e5e8d8d6&_nocache=1765135853275440371 HTTP/1.1" 200 21307
::1 - - [07/Dec/2025:16:30:53 -0300] "GET /phpmyadmin/index.php?ajax_request=1&recent_table=1&token=afe2b0d449aeab94a487d069197118bc HTTP/1.1" 200 397
::1 - - [07/Dec/2025:16:31:01 -0300] "GET /phpmyadmin/navigation.php?ajax_request=1&token=afe2b0d449aeab94a487d069197118bc&aPath=cm9vdA%3D%3D.bG9naW5fY29udGFzX2Fkc21hMg%3D%3D&vPath=cm9vdA%3D%3D.bG9naW5fY29udGFzX2Fkc21hMg%3D%3D&pos=0&pos2_name=&pos2_value=&searchClause=&searchClause2=&_nocache=1765135861688243338 HTTP/1.1" 200 1423
::1 - - [07/Dec/2025:16:31:03 -0300] "GET /phpmyadmin/sql.php?server=1&db=login_contas_adsma2&table=tb_login&pos=0&token=afe2b0d449aeab94a487d069197118bc&ajax_request=true&ajax_page_request=true&menuHashes=81484d87-7559be9a-72c897ed-d0d35546-965fea9c-e5e8d8d6-a3953e3a&_nocache=1765135863513607612 HTTP/1.1" 200 25135
::1 - - [07/Dec/2025:16:31:03 -0300] "GET /phpmyadmin/index.php?ajax_request=1&recent_table=1&token=afe2b0d449aeab94a487d069197118bc HTTP/1.1" 200 545
